# JRE version: Java(TM) SE Runtime Environment (8.0_181-b13) (build 1.8.0_181-b13)
# Java VM: Java HotSpot(TM) 64-Bit Server VM (25.181-b13 mixed mode linux-amd64 compressed oops)
Heap:
 PSYoungGen      total 274944K, used 3945K [0x000000071ad80000, 0x000000072ce80000, 0x00000007c0000000)
  eden space 253952K, 0% used [0x000000071ad80000,0x000000071ad80000,0x000000072a580000)
  from space 20992K, 18% used [0x000000072a580000,0x000000072a95a598,0x000000072ba00000)
  to   space 20992K, 0% used [0x000000072ba00000,0x000000072ba00000,0x000000072ce80000)
 ParOldGen       total 338944K, used 96K [0x00000005d0800000, 0x00000005e5300000, 0x000000071ad80000)
  object space 338944K, 0% used [0x00000005d0800000,0x00000005d0818010,0x00000005e5300000)
 Metaspace       used 12050K, capacity 12270K, committed 12672K, reserved 1060864K
  class space    used 1489K, capacity 1555K, committed 1664K, reserved 1048576K
GC Heap History (5 events):
Event: 0.400 GC heap before
{Heap before GC invocations=1 (full 0):
 PSYoungGen      total 147968K, used 126976K [0x000000071ad80000, 0x0000000725280000, 0x00000007c0000000)
  eden space 126976K, 100% used [0x000000071ad80000,0x0000000722980000,0x0000000722980000)
  from space 20992K, 0% used [0x0000000723e00000,0x0000000723e00000,0x0000000725280000)
  to   space 20992K, 0% used [0x0000000722980000,0x0000000722980000,0x0000000723e00000)
 ParOldGen       total 338944K, used 0K [0x00000005d0800000, 0x00000005e5300000, 0x000000071ad80000)
  object space 338944K, 0% used [0x00000005d0800000,0x00000005d0800000,0x00000005e5300000)
 Metaspace       used 9291K, capacity 9360K, committed 9472K, reserved 1056768K
  class space    used 1157K, capacity 1202K, committed 1280K, reserved 1048576K
Event: 0.404 GC heap after
Heap after GC invocations=1 (full 0):
 PSYoungGen      total 147968K, used 5846K [0x000000071ad80000, 0x000000072ce80000, 0x00000007c0000000)
  eden space 126976K, 0% used [0x000000071ad80000,0x000000071ad80000,0x0000000722980000)
  from space 20992K, 27% used [0x0000000722980000,0x0000000722f35858,0x0000000723e00000)
  to   space 20992K, 0% used [0x000000072ba00000,0x000000072ba00000,0x000000072ce80000)
 ParOldGen       total 338944K, used 80K [0x00000005d0800000, 0x00000005e5300000, 0x000000071ad80000)
  object space 338944K, 0% used [0x00000005d0800000,0x00000005d0814010,0x00000005e5300000)
 Metaspace       used 9291K, capacity 9360K, committed 9472K, reserved 1056768K
  class space    used 1157K, capacity 1202K, committed 1280K, reserved 1048576K
}
Event: 0.496 GC heap before
{Heap before GC invocations=2 (full 0):
 PSYoungGen      total 147968K, used 132822K [0x000000071ad80000, 0x000000072ce80000, 0x00000007c0000000)
  eden space 126976K, 100% used [0x000000071ad80000,0x0000000722980000,0x0000000722980000)
  from space 20992K, 27% used [0x0000000722980000,0x0000000722f35858,0x0000000723e00000)
  to   space 20992K, 0% used [0x000000072ba00000,0x000000072ba00000,0x000000072ce80000)
 ParOldGen       total 338944K, used 80K [0x00000005d0800000, 0x00000005e5300000, 0x000000071ad80000)
  object space 338944K, 0% used [0x00000005d0800000,0x00000005d0814010,0x00000005e5300000)
 Metaspace       used 9775K, capacity 9904K, committed 9984K, reserved 1058816K
  class space    used 1204K, capacity 1234K, committed 1280K, reserved 1048576K
Event: 0.513 GC heap after
Heap after GC invocations=2 (full 0):
 PSYoungGen      total 274944K, used 2581K [0x000000071ad80000, 0x000000072ce80000, 0x00000007c0000000)
  eden space 253952K, 0% used [0x000000071ad80000,0x000000071ad80000,0x000000072a580000)
  from space 20992K, 12% used [0x000000072ba00000,0x000000072bc85448,0x000000072ce80000)
  to   space 20992K, 0% used [0x000000072a580000,0x000000072a580000,0x000000072ba00000)
 ParOldGen       total 338944K, used 88K [0x00000005d0800000, 0x00000005e5300000, 0x000000071ad80000)
  object space 338944K, 0% used [0x00000005d0800000,0x00000005d0816010,0x00000005e5300000)
 Metaspace       used 9775K, capacity 9904K, committed 9984K, reserved 1058816K
  class space    used 1204K, capacity 1234K, committed 1280K, reserved 1048576K
}
Event: 0.845 GC heap before
{Heap before GC invocations=3 (full 0):
 PSYoungGen      total 274944K, used 256533K [0x000000071ad80000, 0x000000072ce80000, 0x00000007c0000000)
  eden space 253952K, 100% used [0x000000071ad80000,0x000000072a580000,0x000000072a580000)
  from space 20992K, 12% used [0x000000072ba00000,0x000000072bc85448,0x000000072ce80000)
  to   space 20992K, 0% used [0x000000072a580000,0x000000072a580000,0x000000072ba00000)
 ParOldGen       total 338944K, used 88K [0x00000005d0800000, 0x00000005e5300000, 0x000000071ad80000)
  object space 338944K, 0% used [0x00000005d0800000,0x00000005d0816010,0x00000005e5300000)
 Metaspace       used 12050K, capacity 12270K, committed 12672K, reserved 1060864K
  class space    used 1489K, capacity 1555K, committed 1664K, reserved 1048576K

